Base path: 'C:/Program Files/Unity/Hub/Editor/2020.1.8f1/Editor/Data', plugins path 'C:/Program Files/Unity/Hub/Editor/2020.1.8f1/Editor/Data/PlaybackEngines'
Cmd: initializeCompiler
Cmd: compileComputeKernel
  api=4 insize=18301 outsize=5429 ok=1
Cmd: compileComputeKernel
  api=4 insize=18301 outsize=3007 ok=1
Cmd: compileComputeKernel
  api=4 insize=18301 outsize=2141 ok=1
Cmd: compileComputeKernel
  api=4 insize=12109 outsize=1584 ok=1
Cmd: compileComputeKernel
  api=4 insize=12109 outsize=2483 ok=1
Cmd: compileComputeKernel
  api=4 insize=12109 outsize=1975 ok=1
Cmd: compileComputeKernel
  api=4 insize=12109 outsize=1503 ok=1
Cmd: compileComputeKernel
  api=4 insize=72903 outsize=7892 ok=1
Cmd: compileComputeKernel
  api=4 insize=4442 outsize=1688 ok=1
Cmd: compileComputeKernel
  api=4 insize=11985 outsize=1620 ok=1
Cmd: compileComputeKernel
  api=4 insize=11985 outsize=1499 ok=1
Cmd: compileComputeKernel
  api=4 insize=11985 outsize=1506 ok=1
Cmd: compileComputeKernel
  api=4 insize=11985 outsize=1624 ok=1
Cmd: compileComputeKernel
  api=4 insize=11985 outsize=1909 ok=1
Cmd: compileComputeKernel
  api=4 insize=11985 outsize=1469 ok=1
Cmd: compileComputeKernel
  api=4 insize=34089 outsize=1622 ok=1
Cmd: compileComputeKernel
  api=4 insize=34089 outsize=1225 ok=1
Cmd: compileComputeKernel
  api=4 insize=34089 outsize=1292 ok=1
Cmd: compileComputeKernel
  api=4 insize=34089 outsize=1315 ok=1
Cmd: compileComputeKernel
  api=4 insize=34089 outsize=1304 ok=1
Cmd: compileComputeKernel
  api=4 insize=34089 outsize=1350 ok=1
Cmd: compileComputeKernel
  api=4 insize=34089 outsize=1524 ok=1
Cmd: compileComputeKernel
  api=4 insize=34089 outsize=1302 ok=1
Cmd: compileComputeKernel
  api=4 insize=34089 outsize=1138 ok=1
Cmd: compileComputeKernel
  api=4 insize=34089 outsize=858 ok=1
Cmd: compileComputeKernel
  api=4 insize=34089 outsize=800 ok=1
Cmd: compileComputeKernel
  api=4 insize=34089 outsize=859 ok=1
Cmd: compileComputeKernel
  api=4 insize=34089 outsize=1009 ok=1
Cmd: compileComputeKernel
  api=4 insize=34089 outsize=810 ok=1
Cmd: compileComputeKernel
  api=4 insize=34089 outsize=684 ok=1
Cmd: compileComputeKernel
  api=4 insize=34089 outsize=678 ok=1
Cmd: compileComputeKernel
  api=4 insize=66874 outsize=2595 ok=1
Cmd: compileComputeKernel
  api=4 insize=66874 outsize=2425 ok=1
Cmd: compileComputeKernel
  api=4 insize=66874 outsize=1684 ok=1
Cmd: compileComputeKernel
  api=4 insize=66874 outsize=3548 ok=1
Cmd: compileComputeKernel
  api=4 insize=66874 outsize=1350 ok=1
Cmd: compileComputeKernel
  api=4 insize=66874 outsize=1345 ok=1
Cmd: compileComputeKernel
  api=4 insize=66874 outsize=2001 ok=1
Cmd: compileComputeKernel
  api=4 insize=66874 outsize=1852 ok=1
Cmd: compileComputeKernel
  api=4 insize=66874 outsize=1978 ok=1
Cmd: compileComputeKernel
  api=4 insize=66874 outsize=1823 ok=1
Cmd: compileComputeKernel
  api=4 insize=66874 outsize=1823 ok=1
Cmd: compileComputeKernel
  api=4 insize=66874 outsize=1823 ok=1
Cmd: compileComputeKernel
  api=4 insize=66874 outsize=1363 ok=1
Cmd: compileComputeKernel
  api=4 insize=66874 outsize=1686 ok=1
Cmd: compileComputeKernel
  api=4 insize=66874 outsize=1314 ok=1
Cmd: compileComputeKernel
  api=4 insize=66874 outsize=1291 ok=1
Cmd: compileComputeKernel
  api=4 insize=66874 outsize=1601 ok=1
Cmd: compileComputeKernel
  api=4 insize=66874 outsize=1435 ok=1
Cmd: compileComputeKernel
  api=4 insize=66874 outsize=1693 ok=1
Cmd: compileComputeKernel
  api=4 insize=66874 outsize=2799 ok=1
Cmd: compileComputeKernel
  api=4 insize=66874 outsize=1690 ok=1
Cmd: compileComputeKernel
  api=4 insize=79248 outsize=1973 ok=1
Cmd: compileComputeKernel
  api=4 insize=79248 outsize=4424 ok=1
Cmd: compileComputeKernel
  api=4 insize=79248 outsize=35634 ok=1
Cmd: compileComputeKernel
  api=4 insize=79248 outsize=27518 ok=1
Cmd: compileComputeKernel
  api=4 insize=79248 outsize=6816 ok=1
Cmd: compileSnippet
  api=4 type=1 insize=3031 outsize=518 kw= pd=UNITY_ENABLE_REFLECTION_BUFFERS UNITY_USE_DITHER_MASK_FOR_ALPHABLENDED_SHADOWS UNITY_PBS_USE_BRDF1 UNITY_SPECCUBE_BOX_PROJECTION UNITY_SPECCUBE_BLENDING UNITY_ENABLE_DETAIL_NORMALMAP SHADER_API_DESKTOP UNITY_COLORSPACE_GAMMA UNITY_LIGHT_PROBE_PROXY_VOLUME UNITY_LIGHTMAP_FULL_HDR dkw=UNITY_UI_CLIP_RECT UNITY_UI_ALPHACLIP UNITY_NO_DXT5nm UNITY_ENABLE_NATIVE_SHADOW_LOOKUPS UNITY_METAL_SHADOWS_USE_POINT_FILTERING UNITY_NO_SCREENSPACE_SHADOWS UNITY_PBS_USE_BRDF2 UNITY_PBS_USE_BRDF3 UNITY_NO_FULL_STANDARD_SHADER UNITY_HARDWARE_TIER1 UNITY_HARDWARE_TIER2 UNITY_HARDWARE_TIER3 UNITY_HALF_PRECISION_FRAGMENT_SHADER_REGISTERS UNITY_LIGHTMAP_DLDR_ENCODING UNITY_LIGHTMAP_RGBM_ENCODING UNITY_VIRTUAL_TEXTURING ok=1
